test_closest (__main__.TestExercice) ... FAIL
test_coordinates (__main__.TestExercice) ... FAIL
test_linear_values (__main__.TestExercice) ... ERROR

======================================================================
ERROR: test_linear_values (__main__.TestExercice)
----------------------------------------------------------------------
Traceback (most recent call last):
  File "test_exercice.py", line 20, in test_linear_values
    'Mauvaise identification de la parité de la longueur de la chaine'
  File "/usr/lib/python3.6/unittest/case.py", line 1028, in assertListEqual
    self.assertSequenceEqual(list1, list2, msg, seq_type=list)
  File "/usr/lib/python3.6/unittest/case.py", line 975, in assertSequenceEqual
    if item1 != item2:
ValueError: The truth value of an array with more than one element is ambiguous. Use a.any() or a.all()

======================================================================
FAIL: test_closest (__main__.TestExercice)
----------------------------------------------------------------------
Traceback (most recent call last):
  File "test_exercice.py", line 45, in test_closest
    'Erreur dans le remplacement de caractère'
AssertionError: 0 != 3 : Erreur dans le remplacement de caractère

======================================================================
FAIL: test_coordinates (__main__.TestExercice)
----------------------------------------------------------------------
Traceback (most recent call last):
  File "test_exercice.py", line 32, in test_coordinates
    'Mauvaise réponse'
  File "/home/runner/.local/lib/python3.6/site-packages/numpy/testing/_private/utils.py", line 931, in assert_array_equal
    verbose=verbose, header='Arrays are not equal')
  File "/home/runner/.local/lib/python3.6/site-packages/numpy/testing/_private/utils.py", line 759, in assert_array_compare
    raise AssertionError(msg)
AssertionError: 
Arrays are not equal
Mauvaise réponse
(shapes (0,), (3, 2) mismatch)
 x: array([], dtype=float64)
 y: array([[ 0.      ,  0.      ],
       [14.142136,  0.785398],
       [ 2.236068, -0.463648]])

----------------------------------------------------------------------
Ran 3 tests in 0.025s

FAILED (failures=2, errors=1)
